\BOOKMARK [0][-]{chapter*.3}{Introduction}{}% 1
\BOOKMARK [0][-]{chapter.1}{Power system as a CPS example}{}% 2
\BOOKMARK [0][-]{chapter.2}{Machine learning algorithms comparison}{}% 3
\BOOKMARK [1][-]{section.2.1}{Machine learning toolkits}{chapter.2}% 4
\BOOKMARK [2][-]{subsection.2.1.1}{Weka}{section.2.1}% 5
\BOOKMARK [2][-]{subsection.2.1.2}{scikit-learn}{section.2.1}% 6
\BOOKMARK [1][-]{section.2.2}{Used machine learning algorithms}{chapter.2}% 7
\BOOKMARK [2][-]{subsection.2.2.1}{Random Forest}{section.2.2}% 8
\BOOKMARK [2][-]{subsection.2.2.2}{SVM}{section.2.2}% 9
\BOOKMARK [2][-]{subsection.2.2.3}{Na\357veBayes}{section.2.2}% 10
\BOOKMARK [2][-]{subsection.2.2.4}{Multilayer perceptron}{section.2.2}% 11
\BOOKMARK [1][-]{section.2.3}{Metrics for classifiers comparison}{chapter.2}% 12
\BOOKMARK [1][-]{section.2.4}{Comparison results}{chapter.2}% 13
\BOOKMARK [1][-]{section.2.5}{scikit-learn further methods' analysis}{chapter.2}% 14
\BOOKMARK [0][-]{chapter.3}{Features' importance}{}% 15
\BOOKMARK [1][-]{section.3.1}{Result's interpreters' comparison}{chapter.3}% 16
\BOOKMARK [2][-]{subsection.3.1.1}{LIME}{section.3.1}% 17
\BOOKMARK [2][-]{subsection.3.1.2}{ELI5}{section.3.1}% 18
\BOOKMARK [2][-]{subsection.3.1.3}{YellowBrick}{section.3.1}% 19
\BOOKMARK [2][-]{subsection.3.1.4}{Treeinterpreter}{section.3.1}% 20
\BOOKMARK [2][-]{subsection.3.1.5}{scikit-learn export\137graphviz}{section.3.1}% 21
\BOOKMARK [2][-]{subsection.3.1.6}{dtreeviz}{section.3.1}% 22
\BOOKMARK [2][-]{subsection.3.1.7}{Summary}{section.3.1}% 23
\BOOKMARK [1][-]{section.3.2}{Features' importance determination}{chapter.3}% 24
\BOOKMARK [0][-]{chapter.4}{Model enhancement}{}% 25
\BOOKMARK [1][-]{section.4.1}{Features values modification}{chapter.4}% 26
\BOOKMARK [1][-]{section.4.2}{Distance between features}{chapter.4}% 27
\BOOKMARK [1][-]{section.4.3}{Hidden Markov Model}{chapter.4}% 28
\BOOKMARK [0][-]{chapter*.49}{Conclusions}{}% 29
\BOOKMARK [0][-]{section*.50}{List of Figures}{}% 30
\BOOKMARK [0][-]{section*.52}{List of Tables}{}% 31
\BOOKMARK [0][-]{section*.54}{List of Listings}{}% 32
\BOOKMARK [0][-]{section*.56}{Bibliography}{}% 33
